# JRE version: Java(TM) SE Runtime Environment (15.0+36) (build 15+36-1562)
# Java VM: Java HotSpot(TM) 64-Bit Server VM (15+36-1562, mixed mode, sharing, tiered, compressed oops, g1 gc, windows-amd64)
GC Precious Log:
 CPUs: 4 total, 4 available
 Memory: 4008M
 Large Page Support: Disabled
 NUMA Support: Disabled
 Compressed Oops: Enabled (32-bit)
 Heap Region Size: 1M
 Heap Min Capacity: 256M
 Heap Initial Capacity: 256M
 Heap Max Capacity: 512M
 Pre-touch: Disabled
 Parallel Workers: 4
 Concurrent Workers: 1
 Concurrent Refinement Workers: 4
 Periodic GC: Disabled
Heap:
 garbage-first heap   total 262144K, used 53945K [0x00000000e0000000, 0x0000000100000000)
  region size 1024K, 27 young (27648K), 3 survivors (3072K)
 Metaspace       used 40529K, capacity 41425K, committed 41648K, reserved 290816K
  class space    used 5550K, capacity 5788K, committed 5888K, reserved 253952K
GC Heap History (16 events):
Event: 1.334 GC heap before
{Heap before GC invocations=0 (full 0):
 garbage-first heap   total 262144K, used 18432K [0x00000000e0000000, 0x0000000100000000)
  region size 1024K, 13 young (13312K), 0 survivors (0K)
 Metaspace       used 1708K, capacity 5241K, committed 5504K, reserved 262144K
  class space    used 172K, capacity 531K, committed 640K, reserved 253952K
}
Event: 1.346 GC heap after
{Heap after GC invocations=1 (full 0):
 garbage-first heap   total 262144K, used 7849K [0x00000000e0000000, 0x0000000100000000)
  region size 1024K, 2 young (2048K), 2 survivors (2048K)
 Metaspace       used 1708K, capacity 5241K, committed 5504K, reserved 262144K
  class space    used 172K, capacity 531K, committed 640K, reserved 253952K
}
Event: 2.234 GC heap before
{Heap before GC invocations=1 (full 0):
 garbage-first heap   total 262144K, used 20137K [0x00000000e0000000, 0x0000000100000000)
  region size 1024K, 14 young (14336K), 2 survivors (2048K)
 Metaspace       used 3942K, capacity 6543K, committed 6656K, reserved 262144K
  class space    used 488K, capacity 729K, committed 768K, reserved 253952K
}
Event: 2.238 GC heap after
{Heap after GC invocations=2 (full 0):
 garbage-first heap   total 262144K, used 8957K [0x00000000e0000000, 0x0000000100000000)
  region size 1024K, 1 young (1024K), 1 survivors (1024K)
 Metaspace       used 3942K, capacity 6543K, committed 6656K, reserved 262144K
  class space    used 488K, capacity 729K, committed 768K, reserved 253952K
}
Event: 3.137 GC heap before
{Heap before GC invocations=2 (full 0):
 garbage-first heap   total 262144K, used 31485K [0x00000000e0000000, 0x0000000100000000)
  region size 1024K, 24 young (24576K), 1 survivors (1024K)
 Metaspace       used 4089K, capacity 6607K, committed 6656K, reserved 262144K
  class space    used 491K, capacity 729K, committed 768K, reserved 253952K
}
Event: 3.141 GC heap after
{Heap after GC invocations=3 (full 0):
 garbage-first heap   total 262144K, used 12513K [0x00000000e0000000, 0x0000000100000000)
  region size 1024K, 3 young (3072K), 3 survivors (3072K)
 Metaspace       used 4089K, capacity 6607K, committed 6656K, reserved 262144K
  class space    used 491K, capacity 729K, committed 768K, reserved 253952K
}
Event: 17.028 GC heap before
{Heap before GC invocations=3 (full 0):
 garbage-first heap   total 262144K, used 103649K [0x00000000e0000000, 0x0000000100000000)
  region size 1024K, 93 young (95232K), 3 survivors (3072K)
 Metaspace       used 20655K, capacity 21155K, committed 21296K, reserved 272384K
  class space    used 2954K, capacity 3109K, committed 3200K, reserved 253952K
}
Event: 17.227 GC heap after
{Heap after GC invocations=4 (full 0):
 garbage-first heap   total 262144K, used 19029K [0x00000000e0000000, 0x0000000100000000)
  region size 1024K, 10 young (10240K), 10 survivors (10240K)
 Metaspace       used 20655K, capacity 21155K, committed 21296K, reserved 272384K
  class space    used 2954K, capacity 3109K, committed 3200K, reserved 253952K
}
Event: 39.854 GC heap before
{Heap before GC invocations=5 (full 0):
 garbage-first heap   total 262144K, used 98901K [0x00000000e0000000, 0x0000000100000000)
  region size 1024K, 86 young (88064K), 10 survivors (10240K)
 Metaspace       used 35121K, capacity 35776K, committed 35888K, reserved 286720K
  class space    used 4700K, capacity 4915K, committed 4992K, reserved 253952K
}
Event: 40.952 GC heap after
{Heap after GC invocations=6 (full 0):
 garbage-first heap   total 262144K, used 25752K [0x00000000e0000000, 0x0000000100000000)
  region size 1024K, 7 young (7168K), 7 survivors (7168K)
 Metaspace       used 35121K, capacity 35776K, committed 35888K, reserved 286720K
  class space    used 4700K, capacity 4915K, committed 4992K, reserved 253952K
}
Event: 42.872 GC heap before
{Heap before GC invocations=7 (full 0):
 garbage-first heap   total 262144K, used 30872K [0x00000000e0000000, 0x0000000100000000)
  region size 1024K, 12 young (12288K), 7 survivors (7168K)
 Metaspace       used 35924K, capacity 36624K, committed 36784K, reserved 286720K
  class space    used 4821K, capacity 5024K, committed 5120K, reserved 253952K
}
Event: 43.001 GC heap after
{Heap after GC invocations=8 (full 0):
 garbage-first heap   total 262144K, used 26973K [0x00000000e0000000, 0x0000000100000000)
  region size 1024K, 2 young (2048K), 2 survivors (2048K)
 Metaspace       used 35924K, capacity 36624K, committed 36784K, reserved 286720K
  class space    used 4821K, capacity 5024K, committed 5120K, reserved 253952K
}
Event: 44.340 GC heap before
{Heap before GC invocations=8 (full 0):
 garbage-first heap   total 262144K, used 39261K [0x00000000e0000000, 0x0000000100000000)
  region size 1024K, 14 young (14336K), 2 survivors (2048K)
 Metaspace       used 36446K, capacity 37176K, committed 37296K, reserved 286720K
  class space    used 4897K, capacity 5097K, committed 5120K, reserved 253952K
}
Event: 44.438 GC heap after
{Heap after GC invocations=9 (full 0):
 garbage-first heap   total 262144K, used 28563K [0x00000000e0000000, 0x0000000100000000)
  region size 1024K, 2 young (2048K), 2 survivors (2048K)
 Metaspace       used 36446K, capacity 37176K, committed 37296K, reserved 286720K
  class space    used 4897K, capacity 5097K, committed 5120K, reserved 253952K
}
Event: 45.352 GC heap before
{Heap before GC invocations=9 (full 0):
 garbage-first heap   total 262144K, used 51091K [0x00000000e0000000, 0x0000000100000000)
  region size 1024K, 24 young (24576K), 2 survivors (2048K)
 Metaspace       used 37343K, capacity 38079K, committed 38192K, reserved 288768K
  class space    used 5021K, capacity 5205K, committed 5248K, reserved 253952K
}
Event: 45.585 GC heap after
{Heap after GC invocations=10 (full 0):
 garbage-first heap   total 262144K, used 31417K [0x00000000e0000000, 0x0000000100000000)
  region size 1024K, 3 young (3072K), 3 survivors (3072K)
 Metaspace       used 37343K, capacity 38079K, committed 38192K, reserved 288768K
  class space    used 5021K, capacity 5205K, committed 5248K, reserved 253952K
}

