# JRE version: Java(TM) SE Runtime Environment (15.0+36) (build 15+36-1562)
# Java VM: Java HotSpot(TM) 64-Bit Server VM (15+36-1562, mixed mode, sharing, tiered, compressed oops, g1 gc, windows-amd64)
GC Precious Log:
 CPUs: 4 total, 4 available
 Memory: 4008M
 Large Page Support: Disabled
 NUMA Support: Disabled
 Compressed Oops: Enabled (32-bit)
 Heap Region Size: 1M
 Heap Min Capacity: 256M
 Heap Initial Capacity: 256M
 Heap Max Capacity: 512M
 Pre-touch: Disabled
 Parallel Workers: 4
 Concurrent Workers: 1
 Concurrent Refinement Workers: 4
 Periodic GC: Disabled
Heap:
 garbage-first heap   total 262144K, used 91581K [0x00000000e0000000, 0x0000000100000000)
  region size 1024K, 65 young (66560K), 1 survivors (1024K)
 Metaspace       used 40510K, capacity 41495K, committed 41648K, reserved 290816K
  class space    used 5549K, capacity 5789K, committed 5888K, reserved 253952K
GC Heap History (12 events):
Event: 1.278 GC heap before
{Heap before GC invocations=0 (full 0):
 garbage-first heap   total 262144K, used 18432K [0x00000000e0000000, 0x0000000100000000)
  region size 1024K, 13 young (13312K), 0 survivors (0K)
 Metaspace       used 1692K, capacity 5241K, committed 5504K, reserved 262144K
  class space    used 172K, capacity 531K, committed 640K, reserved 253952K
}
Event: 1.287 GC heap after
{Heap after GC invocations=1 (full 0):
 garbage-first heap   total 262144K, used 7790K [0x00000000e0000000, 0x0000000100000000)
  region size 1024K, 2 young (2048K), 2 survivors (2048K)
 Metaspace       used 1692K, capacity 5241K, committed 5504K, reserved 262144K
  class space    used 172K, capacity 531K, committed 640K, reserved 253952K
}
Event: 2.136 GC heap before
{Heap before GC invocations=1 (full 0):
 garbage-first heap   total 262144K, used 20078K [0x00000000e0000000, 0x0000000100000000)
  region size 1024K, 14 young (14336K), 2 survivors (2048K)
 Metaspace       used 3935K, capacity 6543K, committed 6656K, reserved 262144K
  class space    used 488K, capacity 729K, committed 768K, reserved 253952K
}
Event: 2.145 GC heap after
{Heap after GC invocations=2 (full 0):
 garbage-first heap   total 262144K, used 8893K [0x00000000e0000000, 0x0000000100000000)
  region size 1024K, 2 young (2048K), 2 survivors (2048K)
 Metaspace       used 3935K, capacity 6543K, committed 6656K, reserved 262144K
  class space    used 488K, capacity 729K, committed 768K, reserved 253952K
}
Event: 2.720 GC heap before
{Heap before GC invocations=2 (full 0):
 garbage-first heap   total 262144K, used 30397K [0x00000000e0000000, 0x0000000100000000)
  region size 1024K, 24 young (24576K), 2 survivors (2048K)
 Metaspace       used 4061K, capacity 6607K, committed 6656K, reserved 262144K
  class space    used 491K, capacity 729K, committed 768K, reserved 253952K
}
Event: 2.729 GC heap after
{Heap after GC invocations=3 (full 0):
 garbage-first heap   total 262144K, used 12130K [0x00000000e0000000, 0x0000000100000000)
  region size 1024K, 3 young (3072K), 3 survivors (3072K)
 Metaspace       used 4061K, capacity 6607K, committed 6656K, reserved 262144K
  class space    used 491K, capacity 729K, committed 768K, reserved 253952K
}
Event: 16.959 GC heap before
{Heap before GC invocations=3 (full 0):
 garbage-first heap   total 262144K, used 104290K [0x00000000e0000000, 0x0000000100000000)
  region size 1024K, 94 young (96256K), 3 survivors (3072K)
 Metaspace       used 20628K, capacity 21155K, committed 21296K, reserved 272384K
  class space    used 2954K, capacity 3109K, committed 3200K, reserved 253952K
}
Event: 17.692 GC heap after
{Heap after GC invocations=4 (full 0):
 garbage-first heap   total 262144K, used 18978K [0x00000000e0000000, 0x0000000100000000)
  region size 1024K, 10 young (10240K), 10 survivors (10240K)
 Metaspace       used 20628K, capacity 21155K, committed 21296K, reserved 272384K
  class space    used 2954K, capacity 3109K, committed 3200K, reserved 253952K
}
Event: 31.759 GC heap before
{Heap before GC invocations=5 (full 0):
 garbage-first heap   total 262144K, used 100898K [0x00000000e0000000, 0x0000000100000000)
  region size 1024K, 87 young (89088K), 10 survivors (10240K)
 Metaspace       used 35111K, capacity 35775K, committed 35888K, reserved 286720K
  class space    used 4702K, capacity 4915K, committed 4992K, reserved 253952K
}
Event: 32.284 GC heap after
{Heap after GC invocations=6 (full 0):
 garbage-first heap   total 262144K, used 26465K [0x00000000e0000000, 0x0000000100000000)
  region size 1024K, 8 young (8192K), 8 survivors (8192K)
 Metaspace       used 35111K, capacity 35775K, committed 35888K, reserved 286720K
  class space    used 4702K, capacity 4915K, committed 4992K, reserved 253952K
}
Event: 32.397 GC heap before
{Heap before GC invocations=6 (full 0):
 garbage-first heap   total 262144K, used 26465K [0x00000000e0000000, 0x0000000100000000)
  region size 1024K, 9 young (9216K), 8 survivors (8192K)
 Metaspace       used 35136K, capacity 35776K, committed 35888K, reserved 286720K
  class space    used 4704K, capacity 4915K, committed 4992K, reserved 253952K
}
Event: 32.530 GC heap after
{Heap after GC invocations=7 (full 0):
 garbage-first heap   total 262144K, used 27069K [0x00000000e0000000, 0x0000000100000000)
  region size 1024K, 1 young (1024K), 1 survivors (1024K)
 Metaspace       used 35136K, capacity 35776K, committed 35888K, reserved 286720K
  class space    used 4704K, capacity 4915K, committed 4992K, reserved 253952K
}

